Flow report for 3fish
Mon Aug 07 22:14:27 2017
Quartus II 64-Bit Version 13.0.1 Build 232 06/12/2013 Service Pack 1 SJ Full Version


---------------------
; Table of Contents ;
---------------------
  1. Legal Notice
  2. Flow Summary
  3. Flow Settings
  4. Flow Non-Default Global Settings
  5. Flow Elapsed Time
  6. Flow OS Summary
  7. Flow Log
  8. Flow Messages
  9. Flow Suppressed Messages



----------------
; Legal Notice ;
----------------
Copyright (C) 1991-2013 Altera Corporation
Your use of Altera Corporation's design tools, logic functions 
and other software and tools, and its AMPP partner logic 
functions, and any output files from any of the foregoing 
(including device programming or simulation files), and any 
associated documentation or information are expressly subject 
to the terms and conditions of the Altera Program License 
Subscription Agreement, Altera MegaCore Function License 
Agreement, or other applicable license agreement, including, 
without limitation, that your use is for the sole purpose of 
programming logic devices manufactured by Altera and sold by 
Altera or its authorized distributors.  Please refer to the 
applicable agreement for further details.



+---------------------------------------------------------------------------------------+
; Flow Summary                                                                          ;
+------------------------------------+--------------------------------------------------+
; Flow Status                        ; Successful - Mon Aug 07 22:14:27 2017            ;
; Quartus II 64-Bit Version          ; 13.0.1 Build 232 06/12/2013 SP 1 SJ Full Version ;
; Revision Name                      ; 3fish                                            ;
; Top-level Entity Name              ; threefish                                        ;
; Family                             ; Cyclone IV GX                                    ;
; Total logic elements               ; 12,304 / 29,440 ( 42 % )                         ;
;     Total combinational functions  ; 12,304 / 29,440 ( 42 % )                         ;
;     Dedicated logic registers      ; 0 / 29,440 ( 0 % )                               ;
; Total registers                    ; 0                                                ;
; Total pins                         ; 209 / 307 ( 68 % )                               ;
; Total virtual pins                 ; 0                                                ;
; Total memory bits                  ; 0 / 1,105,920 ( 0 % )                            ;
; Embedded Multiplier 9-bit elements ; 0 / 160 ( 0 % )                                  ;
; Total GXB Receiver Channel PCS     ; 0 / 4 ( 0 % )                                    ;
; Total GXB Receiver Channel PMA     ; 0 / 4 ( 0 % )                                    ;
; Total GXB Transmitter Channel PCS  ; 0 / 4 ( 0 % )                                    ;
; Total GXB Transmitter Channel PMA  ; 0 / 4 ( 0 % )                                    ;
; Total PLLs                         ; 0 / 6 ( 0 % )                                    ;
; Device                             ; EP4CGX30CF23C6                                   ;
; Timing Models                      ; Final                                            ;
+------------------------------------+--------------------------------------------------+


+-----------------------------------------+
; Flow Settings                           ;
+-------------------+---------------------+
; Option            ; Setting             ;
+-------------------+---------------------+
; Start date & time ; 08/07/2017 22:11:09 ;
; Main task         ; Compilation         ;
; Revision Name     ; 3fish               ;
+-------------------+---------------------+


+----------------------------------------------------------------------------------------------------------------------+
; Flow Non-Default Global Settings                                                                                     ;
+-------------------------------------+---------------------------------+---------------+-------------+----------------+
; Assignment Name                     ; Value                           ; Default Value ; Entity Name ; Section Id     ;
+-------------------------------------+---------------------------------+---------------+-------------+----------------+
; COMPILER_SIGNATURE_ID               ; 203061449387325.150215466908344 ; --            ; --          ; --             ;
; EDA_OUTPUT_DATA_FORMAT              ; Vhdl                            ; --            ; --          ; eda_simulation ;
; EDA_SIMULATION_TOOL                 ; ModelSim-Altera (VHDL)          ; <None>        ; --          ; --             ;
; PARTITION_COLOR                     ; 16764057                        ; --            ; threefish   ; Top            ;
; PARTITION_FITTER_PRESERVATION_LEVEL ; PLACEMENT_AND_ROUTING           ; --            ; threefish   ; Top            ;
; PARTITION_NETLIST_TYPE              ; SOURCE                          ; --            ; threefish   ; Top            ;
; PROJECT_OUTPUT_DIRECTORY            ; output_files                    ; --            ; --          ; --             ;
; TOP_LEVEL_ENTITY                    ; threefish                       ; 3fish         ; --          ; --             ;
+-------------------------------------+---------------------------------+---------------+-------------+----------------+


+-------------------------------------------------------------------------------------------------------------------------------+
; Flow Elapsed Time                                                                                                             ;
+---------------------------+--------------+-------------------------+---------------------+------------------------------------+
; Module Name               ; Elapsed Time ; Average Processors Used ; Peak Virtual Memory ; Total CPU Time (on all processors) ;
+---------------------------+--------------+-------------------------+---------------------+------------------------------------+
; Analysis & Synthesis      ; 00:01:57     ; 1.0                     ; 647 MB              ; 00:01:55                           ;
; Fitter                    ; 00:00:38     ; 2.3                     ; 1392 MB             ; 00:00:52                           ;
; Assembler                 ; 00:00:01     ; 1.0                     ; 487 MB              ; 00:00:01                           ;
; TimeQuest Timing Analyzer ; 00:00:18     ; 1.0                     ; 713 MB              ; 00:00:17                           ;
; EDA Netlist Writer        ; 00:00:15     ; 1.0                     ; 564 MB              ; 00:00:14                           ;
; Total                     ; 00:03:09     ; --                      ; --                  ; 00:03:19                           ;
+---------------------------+--------------+-------------------------+---------------------+------------------------------------+


+----------------------------------------------------------------------------------------+
; Flow OS Summary                                                                        ;
+---------------------------+------------------+-----------+------------+----------------+
; Module Name               ; Machine Hostname ; OS Name   ; OS Version ; Processor type ;
+---------------------------+------------------+-----------+------------+----------------+
; Analysis & Synthesis      ; 6-304-31         ; Windows 7 ; 6.2        ; x86_64         ;
; Fitter                    ; 6-304-31         ; Windows 7 ; 6.2        ; x86_64         ;
; Assembler                 ; 6-304-31         ; Windows 7 ; 6.2        ; x86_64         ;
; TimeQuest Timing Analyzer ; 6-304-31         ; Windows 7 ; 6.2        ; x86_64         ;
; EDA Netlist Writer        ; 6-304-31         ; Windows 7 ; 6.2        ; x86_64         ;
+---------------------------+------------------+-----------+------------+----------------+


------------
; Flow Log ;
------------
quartus_map --read_settings_files=on --write_settings_files=off 3fish -c 3fish
quartus_fit --read_settings_files=off --write_settings_files=off 3fish -c 3fish
quartus_asm --read_settings_files=off --write_settings_files=off 3fish -c 3fish
quartus_sta 3fish -c 3fish
quartus_eda --read_settings_files=off --write_settings_files=off 3fish -c 3fish



